0 info it worked if it ends with ok
1 verbose cli [ 'C:\\Program Files\\nodejs\\node.exe',
1 verbose cli   'C:\\Program Files\\nodejs\\node_modules\\npm\\bin\\npm-cli.js',
1 verbose cli   'install',
1 verbose cli   'gh-pages',
1 verbose cli   '--save-dev' ]
2 info using npm@3.10.10
3 info using node@v6.11.0
4 silly loadCurrentTree Starting
5 silly install loadCurrentTree
6 silly install readLocalPackageData
7 silly fetchPackageMetaData gh-pages
8 silly fetchNamedPackageData gh-pages
9 silly mapToRegistry name gh-pages
10 silly mapToRegistry using default registry
11 silly mapToRegistry registry https://registry.npmjs.org/
12 silly mapToRegistry data Result {
12 silly mapToRegistry   raw: 'gh-pages',
12 silly mapToRegistry   scope: null,
12 silly mapToRegistry   escapedName: 'gh-pages',
12 silly mapToRegistry   name: 'gh-pages',
12 silly mapToRegistry   rawSpec: '',
12 silly mapToRegistry   spec: 'latest',
12 silly mapToRegistry   type: 'tag' }
13 silly mapToRegistry uri https://registry.npmjs.org/gh-pages
14 verbose request uri https://registry.npmjs.org/gh-pages
15 verbose request no auth needed
16 info attempt registry request try #1 at 6:46:57 PM
17 verbose request id 2ee2fd1c016c9cee
18 http request GET https://registry.npmjs.org/gh-pages
19 http 200 https://registry.npmjs.org/gh-pages
20 verbose headers { date: 'Mon, 10 Jan 2022 17:46:57 GMT',
20 verbose headers   'content-type': 'application/json',
20 verbose headers   'transfer-encoding': 'chunked',
20 verbose headers   connection: 'keep-alive',
20 verbose headers   'cf-ray': '6cb7ba4dcd1f0b39-OSL',
20 verbose headers   'cache-control': 'public, max-age=300',
20 verbose headers   etag: 'W/"27dc3eb0f8c40986ede868f9b19c2436"',
20 verbose headers   'last-modified': 'Mon, 21 Jun 2021 21:01:09 GMT',
20 verbose headers   vary: 'accept-encoding, accept',
20 verbose headers   'cf-cache-status': 'HIT',
20 verbose headers   'expect-ct': 'max-age=604800, report-uri="https://report-uri.cloudflare.com/cdn-cgi/beacon/expect-ct"',
20 verbose headers   server: 'cloudflare',
20 verbose headers   'content-encoding': 'gzip' }
21 silly get cb [ 200,
21 silly get   { date: 'Mon, 10 Jan 2022 17:46:57 GMT',
21 silly get     'content-type': 'application/json',
21 silly get     'transfer-encoding': 'chunked',
21 silly get     connection: 'keep-alive',
21 silly get     'cf-ray': '6cb7ba4dcd1f0b39-OSL',
21 silly get     'cache-control': 'public, max-age=300',
21 silly get     etag: 'W/"27dc3eb0f8c40986ede868f9b19c2436"',
21 silly get     'last-modified': 'Mon, 21 Jun 2021 21:01:09 GMT',
21 silly get     vary: 'accept-encoding, accept',
21 silly get     'cf-cache-status': 'HIT',
21 silly get     'expect-ct': 'max-age=604800, report-uri="https://report-uri.cloudflare.com/cdn-cgi/beacon/expect-ct"',
21 silly get     server: 'cloudflare',
21 silly get     'content-encoding': 'gzip' } ]
22 verbose get saving gh-pages to C:\Users\tomer\AppData\Roaming\npm-cache\registry.npmjs.org\gh-pages\.cache.json
23 verbose correctMkdir C:\Users\tomer\AppData\Roaming\npm-cache correctMkdir not in flight; initializing
24 silly install normalizeTree
25 silly loadCurrentTree Finishing
26 silly loadIdealTree Starting
27 silly install loadIdealTree
28 silly cloneCurrentTree Starting
29 silly install cloneCurrentTreeToIdealTree
30 silly cloneCurrentTree Finishing
31 silly loadShrinkwrap Starting
32 silly install loadShrinkwrap
33 silly loadShrinkwrap Finishing
34 silly loadAllDepsIntoIdealTree Starting
35 silly install loadAllDepsIntoIdealTree
36 silly rollbackFailedOptional Starting
37 silly rollbackFailedOptional Finishing
38 silly runTopLevelLifecycles Finishing
39 silly install printInstalled
40 verbose stack Error: Unsupported engine for gh-pages@3.2.3: wanted: {"node":">=10"} (current: {"node":"6.11.0","npm":"3.10.10"})
40 verbose stack     at checkEngine (C:\Program Files\nodejs\node_modules\npm\node_modules\npm-install-checks\index.js:13:14)
40 verbose stack     at module.exports.isInstallable (C:\Program Files\nodejs\node_modules\npm\lib\install\validate-args.js:38:3)
40 verbose stack     at Array.<anonymous> (C:\Program Files\nodejs\node_modules\npm\node_modules\slide\lib\bind-actor.js:15:8)
40 verbose stack     at LOOP (C:\Program Files\nodejs\node_modules\npm\node_modules\slide\lib\chain.js:15:14)
40 verbose stack     at C:\Program Files\nodejs\node_modules\npm\node_modules\slide\lib\chain.js:18:7
40 verbose stack     at checkSelf (C:\Program Files\nodejs\node_modules\npm\lib\install\validate-args.js:46:72)
40 verbose stack     at Array.<anonymous> (C:\Program Files\nodejs\node_modules\npm\node_modules\slide\lib\bind-actor.js:15:8)
40 verbose stack     at LOOP (C:\Program Files\nodejs\node_modules\npm\node_modules\slide\lib\chain.js:15:14)
40 verbose stack     at chain (C:\Program Files\nodejs\node_modules\npm\node_modules\slide\lib\chain.js:20:5)
40 verbose stack     at C:\Program Files\nodejs\node_modules\npm\lib\install\validate-args.js:16:5
41 verbose pkgid gh-pages@3.2.3
42 verbose cwd D:\Dropbox\Repositories\rafflinator
43 error Windows_NT 10.0.19043
44 error argv "C:\\Program Files\\nodejs\\node.exe" "C:\\Program Files\\nodejs\\node_modules\\npm\\bin\\npm-cli.js" "install" "gh-pages" "--save-dev"
45 error node v6.11.0
46 error npm  v3.10.10
47 error code ENOTSUP
48 error notsup Unsupported engine for gh-pages@3.2.3: wanted: {"node":">=10"} (current: {"node":"6.11.0","npm":"3.10.10"})
49 error notsup Not compatible with your version of node/npm: gh-pages@3.2.3
50 error notsup Not compatible with your version of node/npm: gh-pages@3.2.3
50 error notsup Required: {"node":">=10"}
50 error notsup Actual:   {"npm":"3.10.10","node":"6.11.0"}
51 verbose exit [ 1, true ]
